
*** Running vivado
    with args -log fir.vds -m64 -product Vivado -mode batch -messageDb vivado.pb -notrace -source fir.tcl


****** Vivado v2022.2 (64-bit)
  **** SW Build 3671981 on Fri Oct 14 04:59:54 MDT 2022
  **** IP Build 3669848 on Fri Oct 14 08:30:02 MDT 2022
    ** Copyright 1986-2022 Xilinx, Inc. All Rights Reserved.

source fir.tcl -notrace
create_project: Time (s): cpu = 00:00:07 ; elapsed = 00:00:08 . Memory (MB): peak = 2127.398 ; gain = 88.984 ; free physical = 9495 ; free virtual = 76291
Command: read_checkpoint -auto_incremental -incremental /home/chiaen/caravel-soc_fpga-lab/lab-fir_vvd/lab-fir_vvd.srcs/utils_1/imports/synth_1/fir.dcp
INFO: [Vivado 12-5825] Read reference checkpoint from /home/chiaen/caravel-soc_fpga-lab/lab-fir_vvd/lab-fir_vvd.srcs/utils_1/imports/synth_1/fir.dcp for incremental synthesis
INFO: [Vivado 12-7989] Please ensure there are no constraint changes
Command: synth_design -top fir -part xc7z020clg400-1
Starting synth_design
Attempting to get a license for feature 'Synthesis' and/or device 'xc7z020'
INFO: [Common 17-349] Got license for feature 'Synthesis' and/or device 'xc7z020'
INFO: [Device 21-403] Loading part xc7z020clg400-1
INFO: [Designutils 20-5440] No compile time benefit to using incremental synthesis; A full resynthesis will be run
INFO: [Designutils 20-4379] Flow is switching to default flow due to incremental criteria not met. If you would like to alter this behaviour and have the flow terminate instead, please set the following parameter config_implementation {autoIncr.Synth.RejectBehavior Terminate}
INFO: [Synth 8-7079] Multithreading enabled for synth_design using a maximum of 4 processes.
INFO: [Synth 8-7078] Launching helper process for spawning children vivado processes
INFO: [Synth 8-7075] Helper process launched with PID 26538
INFO: [Synth 8-11241] undeclared symbol 'REGCCE', assumed default net type 'wire' [/home/xilinx2022/Vivado/2022.2/data/verilog/src/unimacro/BRAM_SINGLE_MACRO.v:2170]
WARNING: [Synth 8-10294] parameter declaration is not allowed here in this mode of Verilog [/home/chiaen/caravel-soc_fpga-lab/submit_fir/fir.v:58]
WARNING: [Synth 8-10294] parameter declaration is not allowed here in this mode of Verilog [/home/chiaen/caravel-soc_fpga-lab/submit_fir/fir.v:60]
WARNING: [Synth 8-10294] parameter declaration is not allowed here in this mode of Verilog [/home/chiaen/caravel-soc_fpga-lab/submit_fir/fir.v:62]
WARNING: [Synth 8-10294] parameter declaration is not allowed here in this mode of Verilog [/home/chiaen/caravel-soc_fpga-lab/submit_fir/fir.v:64]
WARNING: [Synth 8-10294] parameter declaration is not allowed here in this mode of Verilog [/home/chiaen/caravel-soc_fpga-lab/submit_fir/fir.v:66]
WARNING: [Synth 8-10294] parameter declaration is not allowed here in this mode of Verilog [/home/chiaen/caravel-soc_fpga-lab/submit_fir/fir.v:67]
WARNING: [Synth 8-10294] parameter declaration is not allowed here in this mode of Verilog [/home/chiaen/caravel-soc_fpga-lab/submit_fir/fir.v:69]
WARNING: [Synth 8-10294] parameter declaration is not allowed here in this mode of Verilog [/home/chiaen/caravel-soc_fpga-lab/submit_fir/fir.v:139]
WARNING: [Synth 8-10294] parameter declaration is not allowed here in this mode of Verilog [/home/chiaen/caravel-soc_fpga-lab/submit_fir/fir.v:140]
WARNING: [Synth 8-10294] parameter declaration is not allowed here in this mode of Verilog [/home/chiaen/caravel-soc_fpga-lab/submit_fir/fir.v:141]
WARNING: [Synth 8-10294] parameter declaration is not allowed here in this mode of Verilog [/home/chiaen/caravel-soc_fpga-lab/submit_fir/fir.v:142]
---------------------------------------------------------------------------------
Starting RTL Elaboration : Time (s): cpu = 00:00:05 ; elapsed = 00:00:08 . Memory (MB): peak = 2867.512 ; gain = 379.762 ; free physical = 8681 ; free virtual = 75478
Synthesis current peak Physical Memory [PSS] (MB): peak = 2059.937; parent = 1890.569; children = 169.367
Synthesis current peak Virtual Memory [VSS] (MB): peak = 4147.887; parent = 2867.516; children = 1280.371
---------------------------------------------------------------------------------
INFO: [Synth 8-6157] synthesizing module 'fir' [/home/chiaen/caravel-soc_fpga-lab/submit_fir/fir.v:2]
INFO: [Synth 8-155] case statement is not full and has no default [/home/chiaen/caravel-soc_fpga-lab/submit_fir/fir.v:171]
INFO: [Synth 8-6155] done synthesizing module 'fir' (0#1) [/home/chiaen/caravel-soc_fpga-lab/submit_fir/fir.v:2]
WARNING: [Synth 8-6014] Unused sequential element genblk1.wready_reg was removed.  [/home/chiaen/caravel-soc_fpga-lab/submit_fir/fir.v:412]
WARNING: [Synth 8-3917] design fir has port tap_EN driven by constant 1
WARNING: [Synth 8-3917] design fir has port data_EN driven by constant 1
WARNING: [Synth 8-7129] Port ss_tlast in module fir is either unconnected or has no load
---------------------------------------------------------------------------------
Finished RTL Elaboration : Time (s): cpu = 00:00:07 ; elapsed = 00:00:11 . Memory (MB): peak = 2936.488 ; gain = 448.738 ; free physical = 8768 ; free virtual = 75565
Synthesis current peak Physical Memory [PSS] (MB): peak = 2141.352; parent = 1971.984; children = 169.367
Synthesis current peak Virtual Memory [VSS] (MB): peak = 4216.855; parent = 2936.484; children = 1280.371
---------------------------------------------------------------------------------
---------------------------------------------------------------------------------
Start Handling Custom Attributes
---------------------------------------------------------------------------------
---------------------------------------------------------------------------------
Finished Handling Custom Attributes : Time (s): cpu = 00:00:07 ; elapsed = 00:00:11 . Memory (MB): peak = 2954.297 ; gain = 466.547 ; free physical = 8767 ; free virtual = 75564
Synthesis current peak Physical Memory [PSS] (MB): peak = 2141.352; parent = 1971.984; children = 169.367
Synthesis current peak Virtual Memory [VSS] (MB): peak = 4234.668; parent = 2954.297; children = 1280.371
---------------------------------------------------------------------------------
---------------------------------------------------------------------------------
Finished RTL Optimization Phase 1 : Time (s): cpu = 00:00:07 ; elapsed = 00:00:11 . Memory (MB): peak = 2954.297 ; gain = 466.547 ; free physical = 8767 ; free virtual = 75564
Synthesis current peak Physical Memory [PSS] (MB): peak = 2141.352; parent = 1971.984; children = 169.367
Synthesis current peak Virtual Memory [VSS] (MB): peak = 4234.668; parent = 2954.297; children = 1280.371
---------------------------------------------------------------------------------
Netlist sorting complete. Time (s): cpu = 00:00:00 ; elapsed = 00:00:00.01 . Memory (MB): peak = 2954.297 ; gain = 0.000 ; free physical = 8760 ; free virtual = 75557
INFO: [Project 1-570] Preparing netlist for logic optimization

Processing XDC Constraints
Initializing timing engine
Parsing XDC File [/home/chiaen/caravel-soc_fpga-lab/lab-fir_vvd/lab-fir_vvd.srcs/constrs_1/new/time_constraint.xdc]
Finished Parsing XDC File [/home/chiaen/caravel-soc_fpga-lab/lab-fir_vvd/lab-fir_vvd.srcs/constrs_1/new/time_constraint.xdc]
Completed Processing XDC Constraints

Netlist sorting complete. Time (s): cpu = 00:00:00 ; elapsed = 00:00:00 . Memory (MB): peak = 3114.047 ; gain = 0.000 ; free physical = 8673 ; free virtual = 75470
INFO: [Project 1-111] Unisim Transformation Summary:
No Unisim elements were transformed.

Constraint Validation Runtime : Time (s): cpu = 00:00:00.01 ; elapsed = 00:00:00.01 . Memory (MB): peak = 3114.047 ; gain = 0.000 ; free physical = 8673 ; free virtual = 75470
INFO: [Designutils 20-5440] No compile time benefit to using incremental synthesis; A full resynthesis will be run
INFO: [Designutils 20-4379] Flow is switching to default flow due to incremental criteria not met. If you would like to alter this behaviour and have the flow terminate instead, please set the following parameter config_implementation {autoIncr.Synth.RejectBehavior Terminate}
INFO: [Synth 8-11241] undeclared symbol 'REGCCE', assumed default net type 'wire' [/home/xilinx2022/Vivado/2022.2/data/verilog/src/unimacro/BRAM_SINGLE_MACRO.v:2170]
---------------------------------------------------------------------------------
Finished Constraint Validation : Time (s): cpu = 00:00:16 ; elapsed = 00:00:22 . Memory (MB): peak = 3114.047 ; gain = 626.297 ; free physical = 8735 ; free virtual = 75532
Synthesis current peak Physical Memory [PSS] (MB): peak = 2141.352; parent = 1971.984; children = 169.367
Synthesis current peak Virtual Memory [VSS] (MB): peak = 4362.402; parent = 3082.031; children = 1280.371
---------------------------------------------------------------------------------
---------------------------------------------------------------------------------
Start Loading Part and Timing Information
---------------------------------------------------------------------------------
Loading part: xc7z020clg400-1
---------------------------------------------------------------------------------
Finished Loading Part and Timing Information : Time (s): cpu = 00:00:16 ; elapsed = 00:00:22 . Memory (MB): peak = 3114.047 ; gain = 626.297 ; free physical = 8736 ; free virtual = 75533
Synthesis current peak Physical Memory [PSS] (MB): peak = 2141.352; parent = 1971.984; children = 169.367
Synthesis current peak Virtual Memory [VSS] (MB): peak = 4362.402; parent = 3082.031; children = 1280.371
---------------------------------------------------------------------------------
---------------------------------------------------------------------------------
Start Applying 'set_property' XDC Constraints
---------------------------------------------------------------------------------
---------------------------------------------------------------------------------
Finished applying 'set_property' XDC Constraints : Time (s): cpu = 00:00:16 ; elapsed = 00:00:23 . Memory (MB): peak = 3114.047 ; gain = 626.297 ; free physical = 8736 ; free virtual = 75533
Synthesis current peak Physical Memory [PSS] (MB): peak = 2141.352; parent = 1971.984; children = 169.367
Synthesis current peak Virtual Memory [VSS] (MB): peak = 4362.402; parent = 3082.031; children = 1280.371
---------------------------------------------------------------------------------
WARNING: [Synth 8-327] inferring latch for variable 'genblk1.axi_next_state_reg' [/home/chiaen/caravel-soc_fpga-lab/submit_fir/fir.v:175]
---------------------------------------------------------------------------------
Finished RTL Optimization Phase 2 : Time (s): cpu = 00:00:16 ; elapsed = 00:00:24 . Memory (MB): peak = 3114.047 ; gain = 626.297 ; free physical = 8727 ; free virtual = 75525
Synthesis current peak Physical Memory [PSS] (MB): peak = 2141.352; parent = 1971.984; children = 169.367
Synthesis current peak Virtual Memory [VSS] (MB): peak = 4362.402; parent = 3082.031; children = 1280.371
---------------------------------------------------------------------------------
---------------------------------------------------------------------------------
Start RTL Component Statistics 
---------------------------------------------------------------------------------
Detailed RTL Component Info : 
+---Adders : 
	   2 Input   32 Bit       Adders := 1     
	   2 Input   12 Bit       Adders := 4     
	   2 Input    4 Bit       Adders := 1     
+---Registers : 
	               32 Bit    Registers := 2     
	               12 Bit    Registers := 3     
	                4 Bit    Registers := 1     
	                3 Bit    Registers := 1     
	                2 Bit    Registers := 1     
	                1 Bit    Registers := 8     
+---Multipliers : 
	              32x32  Multipliers := 1     
+---Muxes : 
	   3 Input   32 Bit        Muxes := 1     
	   4 Input   32 Bit        Muxes := 1     
	   2 Input   32 Bit        Muxes := 2     
	   2 Input   12 Bit        Muxes := 5     
	   3 Input   12 Bit        Muxes := 1     
	   5 Input   12 Bit        Muxes := 1     
	   2 Input    6 Bit        Muxes := 1     
	   2 Input    3 Bit        Muxes := 4     
	   2 Input    2 Bit        Muxes := 1     
	   7 Input    2 Bit        Muxes := 1     
	   3 Input    1 Bit        Muxes := 2     
	   2 Input    1 Bit        Muxes := 8     
	   5 Input    1 Bit        Muxes := 1     
	   4 Input    1 Bit        Muxes := 1     
---------------------------------------------------------------------------------
Finished RTL Component Statistics 
---------------------------------------------------------------------------------
---------------------------------------------------------------------------------
Start Part Resource Summary
---------------------------------------------------------------------------------
Part Resources:
DSPs: 220 (col length:60)
BRAMs: 280 (col length: RAMB18 60 RAMB36 30)
---------------------------------------------------------------------------------
Finished Part Resource Summary
---------------------------------------------------------------------------------
---------------------------------------------------------------------------------
Start Cross Boundary and Area Optimization
---------------------------------------------------------------------------------
WARNING: [Synth 8-7080] Parallel synthesis criteria is not met
DSP Report: Generating DSP genblk1.cal_result1, operation Mode is: A*B.
DSP Report: operator genblk1.cal_result1 is absorbed into DSP genblk1.cal_result1.
DSP Report: operator genblk1.cal_result1 is absorbed into DSP genblk1.cal_result1.
DSP Report: Generating DSP genblk1.cal_result1, operation Mode is: (PCIN>>17)+A*B.
DSP Report: operator genblk1.cal_result1 is absorbed into DSP genblk1.cal_result1.
DSP Report: operator genblk1.cal_result1 is absorbed into DSP genblk1.cal_result1.
DSP Report: Generating DSP genblk1.cal_result1, operation Mode is: A*B.
DSP Report: operator genblk1.cal_result1 is absorbed into DSP genblk1.cal_result1.
DSP Report: operator genblk1.cal_result1 is absorbed into DSP genblk1.cal_result1.
DSP Report: Generating DSP genblk1.cal_result1, operation Mode is: (PCIN>>17)+A*B.
DSP Report: operator genblk1.cal_result1 is absorbed into DSP genblk1.cal_result1.
DSP Report: operator genblk1.cal_result1 is absorbed into DSP genblk1.cal_result1.
WARNING: [Synth 8-3917] design fir has port tap_EN driven by constant 1
WARNING: [Synth 8-3917] design fir has port data_EN driven by constant 1
WARNING: [Synth 8-7129] Port ss_tlast in module fir is either unconnected or has no load
---------------------------------------------------------------------------------
Finished Cross Boundary and Area Optimization : Time (s): cpu = 00:00:19 ; elapsed = 00:00:27 . Memory (MB): peak = 3114.047 ; gain = 626.297 ; free physical = 8710 ; free virtual = 75512
Synthesis current peak Physical Memory [PSS] (MB): peak = 2141.352; parent = 1971.984; children = 169.367
Synthesis current peak Virtual Memory [VSS] (MB): peak = 4362.402; parent = 3082.031; children = 1280.371
---------------------------------------------------------------------------------
---------------------------------------------------------------------------------
Start ROM, RAM, DSP, Shift Register and Retiming Reporting
---------------------------------------------------------------------------------

DSP: Preliminary Mapping Report (see note below. The ' indicates corresponding REG is set)
+------------+----------------+--------+--------+--------+--------+--------+------+------+------+------+-------+------+------+
|Module Name | DSP Mapping    | A Size | B Size | C Size | D Size | P Size | AREG | BREG | CREG | DREG | ADREG | MREG | PREG | 
+------------+----------------+--------+--------+--------+--------+--------+------+------+------+------+-------+------+------+
|fir         | A*B            | 18     | 15     | -      | -      | 48     | 0    | 0    | -    | -    | -     | 0    | 0    | 
|fir         | (PCIN>>17)+A*B | 15     | 15     | -      | -      | 48     | 0    | 0    | -    | -    | -     | 0    | 0    | 
|fir         | A*B            | 18     | 18     | -      | -      | 48     | 0    | 0    | -    | -    | -     | 0    | 0    | 
|fir         | (PCIN>>17)+A*B | 18     | 15     | -      | -      | 48     | 0    | 0    | -    | -    | -     | 0    | 0    | 
+------------+----------------+--------+--------+--------+--------+--------+------+------+------+------+-------+------+------+

Note: The table above is a preliminary report that shows the DSPs inferred at the current stage of the synthesis flow. Some DSP may be reimplemented as non DSP primitives later in the synthesis flow. Multiple instantiated DSPs are reported only once.
---------------------------------------------------------------------------------
Finished ROM, RAM, DSP, Shift Register and Retiming Reporting
---------------------------------------------------------------------------------
---------------------------------------------------------------------------------
Start Applying XDC Timing Constraints
---------------------------------------------------------------------------------
---------------------------------------------------------------------------------
Finished Applying XDC Timing Constraints : Time (s): cpu = 00:00:28 ; elapsed = 00:00:38 . Memory (MB): peak = 3114.047 ; gain = 626.297 ; free physical = 8560 ; free virtual = 75362
Synthesis current peak Physical Memory [PSS] (MB): peak = 2182.196; parent = 2012.833; children = 169.367
Synthesis current peak Virtual Memory [VSS] (MB): peak = 4362.402; parent = 3082.031; children = 1280.371
---------------------------------------------------------------------------------
---------------------------------------------------------------------------------
Start Timing Optimization
---------------------------------------------------------------------------------
---------------------------------------------------------------------------------
Finished Timing Optimization : Time (s): cpu = 00:00:29 ; elapsed = 00:00:40 . Memory (MB): peak = 3114.047 ; gain = 626.297 ; free physical = 8552 ; free virtual = 75353
Synthesis current peak Physical Memory [PSS] (MB): peak = 2190.337; parent = 2020.974; children = 169.367
Synthesis current peak Virtual Memory [VSS] (MB): peak = 4362.402; parent = 3082.031; children = 1280.371
---------------------------------------------------------------------------------
---------------------------------------------------------------------------------
Start Technology Mapping
---------------------------------------------------------------------------------
---------------------------------------------------------------------------------
Finished Technology Mapping : Time (s): cpu = 00:00:29 ; elapsed = 00:00:40 . Memory (MB): peak = 3114.047 ; gain = 626.297 ; free physical = 8550 ; free virtual = 75352
Synthesis current peak Physical Memory [PSS] (MB): peak = 2192.106; parent = 2022.743; children = 169.367
Synthesis current peak Virtual Memory [VSS] (MB): peak = 4362.402; parent = 3082.031; children = 1280.371
---------------------------------------------------------------------------------
---------------------------------------------------------------------------------
Start IO Insertion
---------------------------------------------------------------------------------
---------------------------------------------------------------------------------
Start Flattening Before IO Insertion
---------------------------------------------------------------------------------
---------------------------------------------------------------------------------
Finished Flattening Before IO Insertion
---------------------------------------------------------------------------------
---------------------------------------------------------------------------------
Start Final Netlist Cleanup
---------------------------------------------------------------------------------
---------------------------------------------------------------------------------
Finished Final Netlist Cleanup
---------------------------------------------------------------------------------
---------------------------------------------------------------------------------
Finished IO Insertion : Time (s): cpu = 00:00:34 ; elapsed = 00:00:46 . Memory (MB): peak = 3114.047 ; gain = 626.297 ; free physical = 8549 ; free virtual = 75351
Synthesis current peak Physical Memory [PSS] (MB): peak = 2192.536; parent = 2023.173; children = 169.367
Synthesis current peak Virtual Memory [VSS] (MB): peak = 4362.402; parent = 3082.031; children = 1280.371
---------------------------------------------------------------------------------
---------------------------------------------------------------------------------
Start Renaming Generated Instances
---------------------------------------------------------------------------------
---------------------------------------------------------------------------------
Finished Renaming Generated Instances : Time (s): cpu = 00:00:34 ; elapsed = 00:00:46 . Memory (MB): peak = 3114.047 ; gain = 626.297 ; free physical = 8549 ; free virtual = 75351
Synthesis current peak Physical Memory [PSS] (MB): peak = 2192.571; parent = 2023.208; children = 169.367
Synthesis current peak Virtual Memory [VSS] (MB): peak = 4362.402; parent = 3082.031; children = 1280.371
---------------------------------------------------------------------------------
---------------------------------------------------------------------------------
Start Rebuilding User Hierarchy
---------------------------------------------------------------------------------
---------------------------------------------------------------------------------
Finished Rebuilding User Hierarchy : Time (s): cpu = 00:00:34 ; elapsed = 00:00:46 . Memory (MB): peak = 3114.047 ; gain = 626.297 ; free physical = 8549 ; free virtual = 75351
Synthesis current peak Physical Memory [PSS] (MB): peak = 2192.661; parent = 2023.298; children = 169.367
Synthesis current peak Virtual Memory [VSS] (MB): peak = 4362.402; parent = 3082.031; children = 1280.371
---------------------------------------------------------------------------------
---------------------------------------------------------------------------------
Start Renaming Generated Ports
---------------------------------------------------------------------------------
---------------------------------------------------------------------------------
Finished Renaming Generated Ports : Time (s): cpu = 00:00:34 ; elapsed = 00:00:46 . Memory (MB): peak = 3114.047 ; gain = 626.297 ; free physical = 8549 ; free virtual = 75351
Synthesis current peak Physical Memory [PSS] (MB): peak = 2192.673; parent = 2023.310; children = 169.367
Synthesis current peak Virtual Memory [VSS] (MB): peak = 4362.402; parent = 3082.031; children = 1280.371
---------------------------------------------------------------------------------
---------------------------------------------------------------------------------
Start Handling Custom Attributes
---------------------------------------------------------------------------------
---------------------------------------------------------------------------------
Finished Handling Custom Attributes : Time (s): cpu = 00:00:34 ; elapsed = 00:00:46 . Memory (MB): peak = 3114.047 ; gain = 626.297 ; free physical = 8549 ; free virtual = 75351
Synthesis current peak Physical Memory [PSS] (MB): peak = 2192.696; parent = 2023.333; children = 169.367
Synthesis current peak Virtual Memory [VSS] (MB): peak = 4362.402; parent = 3082.031; children = 1280.371
---------------------------------------------------------------------------------
---------------------------------------------------------------------------------
Start Renaming Generated Nets
---------------------------------------------------------------------------------
---------------------------------------------------------------------------------
Finished Renaming Generated Nets : Time (s): cpu = 00:00:34 ; elapsed = 00:00:46 . Memory (MB): peak = 3114.047 ; gain = 626.297 ; free physical = 8549 ; free virtual = 75351
Synthesis current peak Physical Memory [PSS] (MB): peak = 2192.696; parent = 2023.333; children = 169.367
Synthesis current peak Virtual Memory [VSS] (MB): peak = 4362.402; parent = 3082.031; children = 1280.371
---------------------------------------------------------------------------------
---------------------------------------------------------------------------------
Start Writing Synthesis Report
---------------------------------------------------------------------------------

DSP Final Report (the ' indicates corresponding REG is set)
+------------+--------------+--------+--------+--------+--------+--------+------+------+------+------+-------+------+------+
|Module Name | DSP Mapping  | A Size | B Size | C Size | D Size | P Size | AREG | BREG | CREG | DREG | ADREG | MREG | PREG | 
+------------+--------------+--------+--------+--------+--------+--------+------+------+------+------+-------+------+------+
|fir         | A*B          | 17     | 18     | -      | -      | 48     | 0    | 0    | -    | -    | -     | 0    | 0    | 
|fir         | A*B          | 17     | 17     | -      | -      | 48     | 0    | 0    | -    | -    | -     | 0    | 0    | 
|fir         | PCIN>>17+A*B | 0      | 18     | -      | -      | 48     | 0    | 0    | -    | -    | -     | 0    | 0    | 
+------------+--------------+--------+--------+--------+--------+--------+------+------+------+------+-------+------+------+


Report BlackBoxes: 
+-+--------------+----------+
| |BlackBox name |Instances |
+-+--------------+----------+
+-+--------------+----------+

Report Cell Usage: 
+------+--------+------+
|      |Cell    |Count |
+------+--------+------+
|1     |BUFG    |     1|
|2     |CARRY4  |    41|
|3     |DSP48E1 |     3|
|4     |LUT1    |    59|
|5     |LUT2    |    53|
|6     |LUT3    |    23|
|7     |LUT4    |    46|
|8     |LUT5    |    31|
|9     |LUT6    |    61|
|10    |MUXF7   |    10|
|11    |FDRE    |   176|
|12    |FDSE    |     1|
|13    |LD      |     2|
|14    |IBUF    |   160|
|15    |OBUF    |   169|
+------+--------+------+
---------------------------------------------------------------------------------
Finished Writing Synthesis Report : Time (s): cpu = 00:00:34 ; elapsed = 00:00:46 . Memory (MB): peak = 3114.047 ; gain = 626.297 ; free physical = 8548 ; free virtual = 75350
Synthesis current peak Physical Memory [PSS] (MB): peak = 2192.804; parent = 2023.440; children = 169.367
Synthesis current peak Virtual Memory [VSS] (MB): peak = 4362.402; parent = 3082.031; children = 1280.371
---------------------------------------------------------------------------------
Synthesis finished with 0 errors, 0 critical warnings and 5 warnings.
Synthesis Optimization Runtime : Time (s): cpu = 00:00:32 ; elapsed = 00:00:43 . Memory (MB): peak = 3114.047 ; gain = 466.547 ; free physical = 8615 ; free virtual = 75417
Synthesis Optimization Complete : Time (s): cpu = 00:00:34 ; elapsed = 00:00:47 . Memory (MB): peak = 3114.047 ; gain = 626.297 ; free physical = 8615 ; free virtual = 75417
INFO: [Project 1-571] Translating synthesized netlist
Netlist sorting complete. Time (s): cpu = 00:00:00 ; elapsed = 00:00:00.01 . Memory (MB): peak = 3114.047 ; gain = 0.000 ; free physical = 8723 ; free virtual = 75525
INFO: [Netlist 29-17] Analyzing 56 Unisim elements for replacement
INFO: [Netlist 29-28] Unisim Transformation completed in 0 CPU seconds
INFO: [Project 1-570] Preparing netlist for logic optimization
INFO: [Opt 31-138] Pushed 0 inverter(s) to 0 load pin(s).
Netlist sorting complete. Time (s): cpu = 00:00:00 ; elapsed = 00:00:00 . Memory (MB): peak = 3114.047 ; gain = 0.000 ; free physical = 8661 ; free virtual = 75463
INFO: [Project 1-111] Unisim Transformation Summary:
  A total of 2 instances were transformed.
  LD => LDCE: 2 instances

Synth Design complete, checksum: b5d3620a
INFO: [Common 17-83] Releasing license: Synthesis
25 Infos, 20 Warnings, 0 Critical Warnings and 0 Errors encountered.
synth_design completed successfully
synth_design: Time (s): cpu = 00:00:44 ; elapsed = 00:00:54 . Memory (MB): peak = 3114.047 ; gain = 962.832 ; free physical = 8880 ; free virtual = 75682
INFO: [Common 17-1381] The checkpoint '/home/chiaen/caravel-soc_fpga-lab/lab-fir_vvd/lab-fir_vvd.runs/synth_1/fir.dcp' has been generated.
INFO: [runtcl-4] Executing : report_utilization -file fir_utilization_synth.rpt -pb fir_utilization_synth.pb
INFO: [Common 17-206] Exiting Vivado at Sun Oct 22 00:48:59 2023...
